time="2022-11-09T19:01:36+03:00" level=info msg="read application configuration" func="go-blog-ca/config.GetConfig.func1()" file="config.go 44"
time="2022-11-09T19:01:36+03:00" level=info msg="Environment variables:\n  SESSION_TTL int64\n    \t\n  SESSION_COOKIE_KEY string\n    \t\n  SESSION_COOKIE_DOMAIN string\n    \t\n  SESSION_COOKIE_SECURE bool\n    \t\n  SESSION_COOKIE_HTTPONLY bool\n    \t" func="go-blog-ca/config.GetConfig.func1()" file="config.go 48"
time="2022-11-09T19:01:36+03:00" level=fatal msg="field \"TTL\" is required but the value is not provided" func="go-blog-ca/config.GetConfig.func1()" file="config.go 49"
time="2022-11-09T19:07:12+03:00" level=info msg="read application configuration" func="go-blog-ca/config.GetConfig.func1()" file="config.go 44"
time="2022-11-09T19:39:10+03:00" level=info msg="read application configuration" func="go-blog-ca/config.GetConfig.func1()" file="config.go 44"
time="2022-11-09T20:18:07+03:00" level=error msg="authRoutes - signin - c.ShouldBindJSON. error: invalid character '-' in numeric literal" func="go-blog-ca/internal/controller/http/v1.(*authRoutes).signin()" file="auth.go 75"
time="2022-11-13T17:26:21+03:00" level=error msg="http - v1 - ath - c.ShouldBindJSON: EOF" func="go-blog-ca/internal/controller/http/v1.(*authorRoutes).Singup()" file="author.go 50"
time="2022-11-13T17:26:21+03:00" level=error msg="http - v1 - author - r.ath.Create: AuthorUseCase - Create - us.repo.Create error: r.Pool.Exec: ОШИБКА: столбец \"password_hash\" в таблице \"author\" не существует (SQLSTATE 42703)" func="go-blog-ca/internal/controller/http/v1.(*authorRoutes).Singup()" file="author.go 68"
time="2022-11-13T17:26:21+03:00" level=info msg="New author with id: " func="go-blog-ca/internal/controller/http/v1.(*authorRoutes).Singup()" file="author.go 71"
time="2022-11-13T17:30:38+03:00" level=error msg="http - v1 - ath - c.ShouldBindJSON: EOF" func="go-blog-ca/internal/controller/http/v1.(*authorRoutes).Singup()" file="author.go 51"
time="2022-11-13T17:30:38+03:00" level=error msg="http - v1 - author - r.ath.Create: AuthorUseCase - Create - us.repo.Create error: r.Pool.Exec: ОШИБКА: столбец \"password_hash\" в таблице \"author\" не существует (SQLSTATE 42703)" func="go-blog-ca/internal/controller/http/v1.(*authorRoutes).Singup()" file="author.go 69"
time="2022-11-13T17:30:38+03:00" level=info msg="New author with id: " func="go-blog-ca/internal/controller/http/v1.(*authorRoutes).Singup()" file="author.go 72"
time="2022-11-13T17:32:45+03:00" level=info msg="Username: , Email: , Password:  " func="go-blog-ca/internal/controller/http/v1.(*authorRoutes).Singup()" file="author.go 49"
time="2022-11-13T17:32:45+03:00" level=error msg="http - v1 - ath - c.ShouldBindJSON: EOF" func="go-blog-ca/internal/controller/http/v1.(*authorRoutes).Singup()" file="author.go 53"
time="2022-11-13T17:32:45+03:00" level=error msg="http - v1 - author - r.ath.Create: AuthorUseCase - Create - us.repo.Create error: r.Pool.Exec: ОШИБКА: столбец \"password_hash\" в таблице \"author\" не существует (SQLSTATE 42703)" func="go-blog-ca/internal/controller/http/v1.(*authorRoutes).Singup()" file="author.go 71"
time="2022-11-13T17:32:45+03:00" level=info msg="New author with id: " func="go-blog-ca/internal/controller/http/v1.(*authorRoutes).Singup()" file="author.go 74"
time="2022-11-13T17:33:45+03:00" level=info msg="Username: , Email: , Password:  " func="go-blog-ca/internal/controller/http/v1.(*authorRoutes).Singup()" file="author.go 49"
time="2022-11-13T17:33:45+03:00" level=error msg="http - v1 - ath - c.ShouldBindJSON: invalid character '-' in numeric literal" func="go-blog-ca/internal/controller/http/v1.(*authorRoutes).Singup()" file="author.go 53"
time="2022-11-13T17:33:45+03:00" level=error msg="http - v1 - author - r.ath.Create: AuthorUseCase - Create - us.repo.Create error: r.Pool.Exec: ОШИБКА: столбец \"password_hash\" в таблице \"author\" не существует (SQLSTATE 42703)" func="go-blog-ca/internal/controller/http/v1.(*authorRoutes).Singup()" file="author.go 71"
time="2022-11-13T17:33:45+03:00" level=info msg="New author with id: " func="go-blog-ca/internal/controller/http/v1.(*authorRoutes).Singup()" file="author.go 74"
time="2022-11-13T17:43:17+03:00" level=info msg="Username: , Email: , Password:  " func="go-blog-ca/internal/controller/http/v1.(*authorRoutes).Singup()" file="author.go 49"
time="2022-11-13T17:43:17+03:00" level=info msg="Params: []" func="go-blog-ca/internal/controller/http/v1.(*authorRoutes).Singup()" file="author.go 50"
time="2022-11-13T17:43:17+03:00" level=error msg="http - v1 - ath - c.ShouldBindJSON: invalid character '-' in numeric literal" func="go-blog-ca/internal/controller/http/v1.(*authorRoutes).Singup()" file="author.go 53"
time="2022-11-13T17:43:17+03:00" level=error msg="http - v1 - author - r.ath.Create: AuthorUseCase - Create - us.repo.Create error: r.Pool.Exec: ОШИБКА: столбец \"password_hash\" в таблице \"author\" не существует (SQLSTATE 42703)" func="go-blog-ca/internal/controller/http/v1.(*authorRoutes).Singup()" file="author.go 72"
time="2022-11-13T17:43:17+03:00" level=info msg="New author with id: " func="go-blog-ca/internal/controller/http/v1.(*authorRoutes).Singup()" file="author.go 75"
time="2022-11-13T17:44:40+03:00" level=info msg="Username: , Email: , Password:  " func="go-blog-ca/internal/controller/http/v1.(*authorRoutes).Singup()" file="author.go 49"
time="2022-11-13T17:44:40+03:00" level=info msg="Params: []" func="go-blog-ca/internal/controller/http/v1.(*authorRoutes).Singup()" file="author.go 50"
time="2022-11-13T17:44:40+03:00" level=error msg="http - v1 - ath - c.ShouldBindJSON: invalid character '-' in numeric literal" func="go-blog-ca/internal/controller/http/v1.(*authorRoutes).Singup()" file="author.go 53"
time="2022-11-13T17:47:02+03:00" level=info msg="%!(EXTRA string=, string=)" func="go-blog-ca/internal/controller/http/v1.(*authorRoutes).Singup()" file="author.go 49"
time="2022-11-13T17:47:02+03:00" level=info msg="Params: []" func="go-blog-ca/internal/controller/http/v1.(*authorRoutes).Singup()" file="author.go 50"
time="2022-11-13T17:47:02+03:00" level=error msg="http - v1 - ath - c.ShouldBindJSON: invalid character '-' in numeric literal" func="go-blog-ca/internal/controller/http/v1.(*authorRoutes).Singup()" file="author.go 53"
time="2022-11-13T18:39:13+03:00" level=info msg="%!(EXTRA string=, string=)" func="go-blog-ca/internal/controller/http/v1.(*authorRoutes).Singup()" file="author.go 49"
time="2022-11-13T18:39:13+03:00" level=info msg="Params: []" func="go-blog-ca/internal/controller/http/v1.(*authorRoutes).Singup()" file="author.go 50"
time="2022-11-13T18:39:13+03:00" level=error msg="http - v1 - ath - c.ShouldBindJSON: Key: 'doSignupRequest.Username' Error:Field validation for 'Username' failed on the 'required' tag\nKey: 'doSignupRequest.Email' Error:Field validation for 'Email' failed on the 'required' tag\nKey: 'doSignupRequest.Password' Error:Field validation for 'Password' failed on the 'required' tag" func="go-blog-ca/internal/controller/http/v1.(*authorRoutes).Singup()" file="author.go 53"
time="2022-11-13T18:39:33+03:00" level=info msg="%!(EXTRA string=, string=)" func="go-blog-ca/internal/controller/http/v1.(*authorRoutes).Singup()" file="author.go 49"
time="2022-11-13T18:39:33+03:00" level=info msg="Params: []" func="go-blog-ca/internal/controller/http/v1.(*authorRoutes).Singup()" file="author.go 50"
time="2022-11-13T18:39:33+03:00" level=error msg="http - v1 - ath - c.ShouldBindJSON: Key: 'doSignupRequest.Username' Error:Field validation for 'Username' failed on the 'required' tag\nKey: 'doSignupRequest.Email' Error:Field validation for 'Email' failed on the 'required' tag\nKey: 'doSignupRequest.Password' Error:Field validation for 'Password' failed on the 'required' tag" func="go-blog-ca/internal/controller/http/v1.(*authorRoutes).Singup()" file="author.go 53"
time="2022-11-13T18:39:45+03:00" level=info msg="%!(EXTRA string=, string=)" func="go-blog-ca/internal/controller/http/v1.(*authorRoutes).Singup()" file="author.go 49"
time="2022-11-13T18:39:45+03:00" level=info msg="Params: []" func="go-blog-ca/internal/controller/http/v1.(*authorRoutes).Singup()" file="author.go 50"
time="2022-11-13T18:39:45+03:00" level=error msg="http - v1 - ath - c.ShouldBindJSON: invalid character '-' in numeric literal" func="go-blog-ca/internal/controller/http/v1.(*authorRoutes).Singup()" file="author.go 53"
